Warning: ignoring unsupported tag `ALLOW_UNICODE_NAMES    =' at line 79, file /home/travis/build/taka-wang/modbusd/Doxyfile
Warning: ignoring unsupported tag `HIDE_COMPOUND_REFERENCE=' at line 525, file /home/travis/build/taka-wang/modbusd/Doxyfile
Warning: Tag `CLANG_ASSISTED_PARSING' at line 1045 of file /home/travis/build/taka-wang/modbusd/Doxyfile belongs to an option that was not enabled at compile time.
To avoid this warning please remove this line from your configuration file, upgrade it using "doxygen -u", or recompile doxygen with this feature enabled.
Warning: Tag `CLANG_OPTIONS' at line 1053 of file /home/travis/build/taka-wang/modbusd/Doxyfile belongs to an option that was not enabled at compile time.
To avoid this warning please remove this line from your configuration file, upgrade it using "doxygen -u", or recompile doxygen with this feature enabled.
Warning: ignoring unsupported tag `LATEX_EXTRA_STYLESHEET =' at line 1722, file /home/travis/build/taka-wang/modbusd/Doxyfile
Warning: ignoring unsupported tag `RTF_SOURCE_CODE        =' at line 1847, file /home/travis/build/taka-wang/modbusd/Doxyfile
Warning: ignoring unsupported tag `MAN_SUBDIR             =' at line 1882, file /home/travis/build/taka-wang/modbusd/Doxyfile
Warning: ignoring unsupported tag `DOCBOOK_PROGRAMLISTING =' at line 1945, file /home/travis/build/taka-wang/modbusd/Doxyfile
Warning: ignoring unsupported tag `PLANTUML_JAR_PATH      =' at line 2368, file /home/travis/build/taka-wang/modbusd/Doxyfile
Warning: ignoring unsupported tag `PLANTUML_INCLUDE_PATH  =' at line 2373, file /home/travis/build/taka-wang/modbusd/Doxyfile
Searching for include files...
Searching for example files...
Searching for images...
Searching for dot files...
Searching for msc files...
Searching for dia files...
Searching for files to exclude
Searching for files to process...
Searching for files in directory /home/travis/build/taka-wang/modbusd
Searching for files in directory /home/travis/build/taka-wang/modbusd/cmake
Searching for files in directory /home/travis/build/taka-wang/modbusd/cmake/modules
Searching for files in directory /home/travis/build/taka-wang/modbusd/code_docs
Searching for files in directory /home/travis/build/taka-wang/modbusd/code_docs/modbusd
Searching for files in directory /home/travis/build/taka-wang/modbusd/code_docs/modbusd/api
Searching for files in directory /home/travis/build/taka-wang/modbusd/code_docs/modbusd/stylesheets
Searching for files in directory /home/travis/build/taka-wang/modbusd/config
Searching for files in directory /home/travis/build/taka-wang/modbusd/dockerfile
Searching for files in directory /home/travis/build/taka-wang/modbusd/docs
Searching for files in directory /home/travis/build/taka-wang/modbusd/image
Searching for files in directory /home/travis/build/taka-wang/modbusd/json
Searching for files in directory /home/travis/build/taka-wang/modbusd/licenses
Searching for files in directory /home/travis/build/taka-wang/modbusd/test
Searching for files in directory /home/travis/build/taka-wang/modbusd/test/cunit
Searching for files in directory /home/travis/build/taka-wang/modbusd/test/dummy-psmbtcp
Reading and parsing tag files
Parsing files
Preprocessing /home/travis/build/taka-wang/modbusd/json/cJSON.c...
Parsing file /home/travis/build/taka-wang/modbusd/json/cJSON.c...
Preprocessing /home/travis/build/taka-wang/modbusd/json/cJSON.h...
Parsing file /home/travis/build/taka-wang/modbusd/json/cJSON.h...
Preprocessing /home/travis/build/taka-wang/modbusd/json/cJSON_Utils.c...
Parsing file /home/travis/build/taka-wang/modbusd/json/cJSON_Utils.c...
Preprocessing /home/travis/build/taka-wang/modbusd/json/cJSON_Utils.h...
Parsing file /home/travis/build/taka-wang/modbusd/json/cJSON_Utils.h...
Preprocessing /home/travis/build/taka-wang/modbusd/json.c...
Parsing file /home/travis/build/taka-wang/modbusd/json.c...
Preprocessing /home/travis/build/taka-wang/modbusd/json.h...
Parsing file /home/travis/build/taka-wang/modbusd/json.h...
Preprocessing /home/travis/build/taka-wang/modbusd/log.h...
Parsing file /home/travis/build/taka-wang/modbusd/log.h...
Preprocessing /home/travis/build/taka-wang/modbusd/main.c...
Parsing file /home/travis/build/taka-wang/modbusd/main.c...
Preprocessing /home/travis/build/taka-wang/modbusd/main.h...
Parsing file /home/travis/build/taka-wang/modbusd/main.h...
Preprocessing /home/travis/build/taka-wang/modbusd/mb.c...
Parsing file /home/travis/build/taka-wang/modbusd/mb.c...
Preprocessing /home/travis/build/taka-wang/modbusd/mb.h...
Parsing file /home/travis/build/taka-wang/modbusd/mb.h...
Preprocessing /home/travis/build/taka-wang/modbusd/mbtcp.c...
Parsing file /home/travis/build/taka-wang/modbusd/mbtcp.c...
Preprocessing /home/travis/build/taka-wang/modbusd/test/cunit/test.c...
Parsing file /home/travis/build/taka-wang/modbusd/test/cunit/test.c...
Preprocessing /home/travis/build/taka-wang/modbusd/uthash.h...
Parsing file /home/travis/build/taka-wang/modbusd/uthash.h...
Building group list...
Building directory list...
Building namespace list...
Building file list...
Building class list...
Associating documentation with classes...
Computing nesting relations for classes...
Building example list...
Searching for enumerations...
Searching for documented typedefs...
Searching for members imported via using declarations...
Searching for included using directives...
Searching for documented variables...
Building interface member list...
Building member list...
Searching for friends...
Searching for documented defines...
Computing class inheritance relations...
Computing class usage relations...
Flushing cached template relations that have become invalid...
Creating members for template instances...
Computing class relations...
Add enum values to enums...
Searching for member function documentation...
Building page list...
Search for main page...
Computing page relations...
Determining the scope of groups...
Sorting lists...
Freeing entry tree
Determining which enums are documented
Computing member relations...
Building full member lists recursively...
Adding members to member groups.
Computing member references...
Inheriting documentation...
Generating disk names...
Adding source references...
Adding xrefitems...
Sorting member lists...
Computing dependencies between directories...
Generating citations page...
Counting data structures...
Resolving user defined references...
Finding anchors and sections in the documentation...
Transferring function references...
Combining using relations...
Adding members to index pages...
Generating style sheet...
Generating search indices...
Generating example documentation...
Generating file sources...
Parsing code for file cJSON.c...
Generating code for file cJSON.h...
Parsing code for file cJSON_Utils.c...
Generating code for file cJSON_Utils.h...
Parsing code for file json.c...
Generating code for file json.h...
Generating code for file log.h...
Parsing code for file main.c...
Generating code for file main.h...
Parsing code for file mb.c...
Generating code for file mb.h...
Parsing code for file mbtcp.c...
Parsing code for file test.c...
Generating code for file uthash.h...
Generating file documentation...
Generating docs for file cJSON.c...
Generating call graph for function cJSON_AddItemReferenceToArray
Generating call graph for function cJSON_AddItemReferenceToObject
Generating caller graph for function cJSON_AddItemToArray
Generating call graph for function cJSON_AddItemToObject
Generating caller graph for function cJSON_AddItemToObject
Generating call graph for function cJSON_AddItemToObjectCS
Generating caller graph for function cJSON_CreateArray
Generating call graph for function cJSON_CreateDoubleArray
Generating call graph for function cJSON_CreateFloatArray
Generating call graph for function cJSON_CreateIntArray
Generating caller graph for function cJSON_CreateIntArray
Generating caller graph for function cJSON_CreateNull
Generating caller graph for function cJSON_CreateNumber
Generating caller graph for function cJSON_CreateObject
Generating call graph for function cJSON_CreateString
Generating caller graph for function cJSON_CreateString
Generating call graph for function cJSON_CreateStringArray
Generating caller graph for function cJSON_CreateUInt16
Generating call graph for function cJSON_CreateUInt16Array
Generating caller graph for function cJSON_CreateUInt8
Generating call graph for function cJSON_CreateUInt8Array
Generating call graph for function cJSON_Delete
Generating caller graph for function cJSON_Delete
Generating call graph for function cJSON_DeleteItemFromArray
Generating call graph for function cJSON_DeleteItemFromObject
Generating caller graph for function cJSON_DeleteItemFromObject
Generating caller graph for function cJSON_DetachItemFromArray
Generating call graph for function cJSON_DetachItemFromObject
Generating caller graph for function cJSON_DetachItemFromObject
Generating call graph for function cJSON_Duplicate
Generating caller graph for function cJSON_Duplicate
Generating caller graph for function cJSON_GetArrayItem
Generating caller graph for function cJSON_GetArraySize
Generating caller graph for function cJSON_GetObjectItem
Generating call graph for function cJSON_HasObjectItem
Generating call graph for function cJSON_InsertItemInArray
Generating call graph for function cJSON_Parse
Generating caller graph for function cJSON_Parse
Generating call graph for function cJSON_ParseWithOpts
Generating caller graph for function cJSON_ParseWithOpts
Generating caller graph for function cJSON_Print
Generating caller graph for function cJSON_PrintUnformatted
Generating call graph for function cJSON_ReplaceItemInArray
Generating caller graph for function cJSON_ReplaceItemInArray
Generating call graph for function cJSON_ReplaceItemInObject
Generating docs for file cJSON.h...
Generating call graph for function cJSON_AddItemReferenceToArray
Generating call graph for function cJSON_AddItemReferenceToObject
Generating caller graph for function cJSON_AddItemToArray
Generating call graph for function cJSON_AddItemToObject
Generating caller graph for function cJSON_AddItemToObject
Generating call graph for function cJSON_AddItemToObjectCS
Generating caller graph for function cJSON_CreateArray
Generating call graph for function cJSON_CreateDoubleArray
Generating call graph for function cJSON_CreateFloatArray
Generating call graph for function cJSON_CreateIntArray
Generating caller graph for function cJSON_CreateIntArray
Generating caller graph for function cJSON_CreateNull
Generating caller graph for function cJSON_CreateNumber
Generating caller graph for function cJSON_CreateObject
Generating call graph for function cJSON_CreateString
Generating caller graph for function cJSON_CreateString
Generating call graph for function cJSON_CreateStringArray
Generating call graph for function cJSON_CreateUInt16Array
Generating call graph for function cJSON_CreateUInt8Array
Generating call graph for function cJSON_Delete
Generating caller graph for function cJSON_Delete
Generating call graph for function cJSON_DeleteItemFromArray
Generating call graph for function cJSON_DeleteItemFromObject
Generating caller graph for function cJSON_DeleteItemFromObject
Generating caller graph for function cJSON_DetachItemFromArray
Generating call graph for function cJSON_DetachItemFromObject
Generating caller graph for function cJSON_DetachItemFromObject
Generating call graph for function cJSON_Duplicate
Generating caller graph for function cJSON_Duplicate
Generating caller graph for function cJSON_GetArrayItem
Generating caller graph for function cJSON_GetArraySize
Generating caller graph for function cJSON_GetObjectItem
Generating call graph for function cJSON_HasObjectItem
Generating call graph for function cJSON_InsertItemInArray
Generating call graph for function cJSON_Parse
Generating caller graph for function cJSON_Parse
Generating call graph for function cJSON_ParseWithOpts
Generating caller graph for function cJSON_ParseWithOpts
Generating caller graph for function cJSON_Print
Generating caller graph for function cJSON_PrintUnformatted
Generating call graph for function cJSON_ReplaceItemInArray
Generating caller graph for function cJSON_ReplaceItemInArray
Generating call graph for function cJSON_ReplaceItemInObject
Generating docs for file cJSON_Utils.c...
Generating call graph for function cJSONUtils_FindPointerFromObjectTo
Generating caller graph for function cJSONUtils_FindPointerFromObjectTo
Generating call graph for function cJSONUtils_GenerateMergePatch
Generating caller graph for function cJSONUtils_GenerateMergePatch
Generating call graph for function cJSONUtils_GeneratePatches
Generating call graph for function cJSONUtils_GetPointer
Generating call graph for function cJSONUtils_MergePatch
Generating caller graph for function cJSONUtils_MergePatch
Generating caller graph for function cJSONUtils_SortObject
Generating docs for file cJSON_Utils.h...
Generating call graph for function cJSONUtils_FindPointerFromObjectTo
Generating caller graph for function cJSONUtils_FindPointerFromObjectTo
Generating call graph for function cJSONUtils_GenerateMergePatch
Generating caller graph for function cJSONUtils_GenerateMergePatch
Generating call graph for function cJSONUtils_GeneratePatches
Generating call graph for function cJSONUtils_GetPointer
Generating call graph for function cJSONUtils_MergePatch
Generating caller graph for function cJSONUtils_MergePatch
Generating caller graph for function cJSONUtils_SortObject
Generating docs for file json.c...
Generating call graph for function file_to_json
Generating call graph for function json_get_char
Generating caller graph for function json_get_char
Generating call graph for function json_get_double
Generating call graph for function json_get_int
Generating caller graph for function json_get_int
Generating call graph for function json_get_long
Generati/home/travis/build/taka-wang/modbusd/json.h:50: warning: argument 'double' of command @param is not found in the argument list of json_set_double(cJSON *inJson, const char *key, double value)
/home/travis/build/taka-wang/modbusd/json.h:50: warning: The following parameters of json_set_double(cJSON *inJson, const char *key, double value) are not documented:
  parameter 'value'
/home/travis/build/taka-wang/modbusd/json.h:50: warning: argument 'double' of command @param is not found in the argument list of json_set_double(cJSON *inJson, const char *key, double value)
/home/travis/build/taka-wang/modbusd/json.h:50: warning: The following parameters of json_set_double(cJSON *inJson, const char *key, double value) are not documented:
  parameter 'value'
ng caller graph for function json_get_long
Generating call graph for function json_set_double
Generating call graph for function json_set_int
Generating call graph for function json_to_file
Generating docs for file json.h...
Generating call graph for function file_to_json
Generating call graph for function json_get_char
Generating caller graph for function json_get_char
Generating call graph for function json_get_double
Generating call graph for function json_get_int
Generating caller graph for function json_get_int
Generating call graph for function json_get_long
Generating caller graph for function json_get_long
Generating call graph for function json_set_double
Generating call graph for function json_set_int
Generating call graph for function json_to_file
Generating docs for file log.h...
Generating docs for file main.c...
Generating call graph for function main
Generating docs for file main.h...
Generating docs for file mb.c...
Generating call graph for function set_modbus_fail_resp_str
Generating caller graph for function set_modbus_fail_resp_str
Generating call graph for function set_modbus_fail_resp_str_with_errno
Generating call graph for function set_modbus_success_resp_str
Generating call graph for function set_modbus_success_resp_str_with_data
Generating caller graph for function set_modbus_success_resp_str_with_data
Generating docs for file mb.h...
Generating call graph for function mbtcp_cmd_hanlder
Generating caller graph for function mbtcp_cmd_hanlder
Generating caller graph for function mbtcp_do_connect
Generating caller graph for function mbtcp_get_connection_status
Generating caller graph for function mbtcp_get_handle
Generating call graph for function mbtcp_get_response_timeout
Generating caller graph for function mbtcp_get_response_timeout
Generating call graph for function mbtcp_init_handle
Generating caller graph for function mbtcp_init_handle
Generating call graph for function mbtcp_set_response_timeout
Generating caller graph for function mbtcp_set_response_timeout
Generating call graph for function set_modbus_fail_resp_str
Generating caller graph for function set_modbus_fail_resp_str
Generating call graph for function set_modbus_fail_resp_str_with_errno
Generating call graph for function set_modbus_success_resp_str
Generating call graph for function set_modbus_success_resp_str_with_data
Generating caller graph for function set_modbus_success_resp_str_with_data
Generating docs for file mbtcp.c...
Generating call graph for function mbtcp_cmd_hanlder
Generating caller graph for function mbtcp_cmd_hanlder
Generating caller graph for function mbtcp_do_connect
Generating caller graph for function mbtcp_get_connection_status
Generating caller graph for function mbtcp_get_handle
Generating call graph for function mbtcp_get_response_timeout
Generating caller graph for function mbtcp_get_response_timeout
Generating call graph for function mbtcp_init_handle
Generating caller graph for function mbtcp_init_handle
Generating call graph for function mbtcp_set_response_timeout
Generating caller graph for function mbtcp_set_response_timeout
Generating docs for file test.c...
Generating call graph for function main
Generating call graph for function test_init_tcp_handle_and_connect
Generating caller graph for function test_init_tcp_handle_and_connect
Generating call graph for function test_json_decode
Generating caller graph for function test_json_decode
Generating call graph for function test_json_encode
Generating caller graph for function test_json_encode
Generating caller graph for function test_multiple_add_find
Generating caller graph for function test_single_add_find
Generating docs for file uthash.h...
Generating page documentation...
Generating group documentation...
Generating class documentation...
Generating docs for compound cJSON...
Generating docs for compound cJSON_Hooks...
Generating docs for compound mbtcp_handle_s...
Generating docs for compound mbtcp_key_s...
Generating docs for compound printbuffer...
Generating docs for compound UT_hash_bucket...
Generating docs for compound UT_hash_handle...
Generating docs for compound UT_hash_table...
Generating namespace index...
Generating graph info page...
Generating directory documentation...
Generating dependency graph for directory cunit
Generating dependency graph for directory json
Generating dependency graph for directory test
Generating index page...
Generating page index...
Generating module index...
Generating namespace index...
Generating namespace member index...
Generating annotated compound index...
Generating alphabetical compound index...
Generating hierarchical class index...
Generating graphical class hierarchy...
Generating member index...
Generating file index...
Generating file member index...
Generating example index...
finalizing index lists...
Running dot...
Generating dot graphs using 3 parallel threads...
Running dot for graph 1/204
Running dot for graph 2/204
Running dot for graph 3/204
Running dot for graph 4/204
Running dot for graph 5/204
Running dot for graph 6/204
Running dot for graph 7/204
Running dot for graph 8/204
Running dot for graph 9/204
Running dot for graph 10/204
Running dot for graph 11/204
Running dot for graph 12/204
Running dot for graph 13/204
Running dot for graph 14/204
Running dot for graph 15/204
Running dot for graph 16/204
Running dot for graph 17/204
Running dot for graph 18/204
Running dot for graph 19/204
Running dot for graph 20/204
Running dot for graph 21/204
Running dot for graph 22/204
Running dot for graph 23/204
Running dot for graph 24/204
Running dot for graph 25/204
Running dot for graph 26/204
Running dot for graph 27/204
Running dot for graph 28/204
Running dot for graph 29/204
Running dot for graph 30/204
Running dot for graph 31/204
Running dot for graph 32/204
Running dot for graph 33/204
Running dot for graph 34/204
Running dot for graph 35/204
Running dot for graph 36/204
Running dot for graph 37/204
Running dot for graph 38/204
Running dot for graph 39/204
Running dot for graph 40/204
Running dot for graph 41/204
Running dot for graph 42/204
Running dot for graph 43/204
Running dot for graph 44/204
Running dot for graph 45/204
Running dot for graph 46/204
Running dot for graph 47/204
Running dot for graph 48/204
Running dot for graph 49/204
Running dot for graph 50/204
Running dot for graph 51/204
Running dot for graph 52/204
Running dot for graph 53/204
Running dot for graph 54/204
Running dot for graph 55/204
Running dot for graph 56/204
Running dot for graph 57/204
Running dot for graph 58/204
Running dot for graph 59/204
Running dot for graph 60/204
Running dot for graph 61/204
Running dot for graph 62/204
Running dot for graph 63/204
Running dot for graph 64/204
Running dot for graph 65/204
Running dot for graph 66/204
Running dot for graph 67/204
Running dot for graph 68/204
Running dot for graph 69/204
Running dot for graph 70/204
Running dot for graph 71/204
Running dot for graph 72/204
Running dot for graph 73/204
Running dot for graph 74/204
Running dot for graph 75/204
Running dot for graph 76/204
Running dot for graph 77/204
Running dot for graph 78/204
Running dot for graph 79/204
Running dot for graph 80/204
Running dot for graph 81/204
Running dot for graph 82/204
Running dot for graph 83/204
Running dot for graph 84/204
Running dot for graph 85/204
Running dot for graph 86/204
Running dot for graph 87/204
Running dot for graph 88/204
Running dot for graph 89/204
Running dot for graph 90/204
Running dot for graph 91/204
Running dot for graph 92/204
Running dot for graph 93/204
Running dot for graph 94/204
Running dot for graph 95/204
Running dot for graph 96/204
Running dot for graph 97/204
Running dot for graph 98/204
Running dot for graph 99/204
Running dot for graph 100/204
Running dot for graph 101/204
Running dot for graph 102/204
Running dot for graph 103/204
Running dot for graph 104/204
Running dot for graph 105/204
Running dot for graph 106/204
Running dot for graph 107/204
Running dot for graph 108/204
Running dot for graph 109/204
Running dot for graph 110/204
Running dot for graph 111/204
Running dot for graph 112/204
Running dot for graph 113/204
Running dot for graph 114/204
Running dot for graph 115/204
Running dot for graph 116/204
Running dot for graph 117/204
Running dot for graph 118/204
Running dot for graph 119/204
Running dot for graph 120/204
Running dot for graph 121/204
Running dot for graph 122/204
Running dot for graph 123/204
Running dot for graph 124/204
Running dot for graph 125/204
Running dot for graph 126/204
Running dot for graph 127/204
Running dot for graph 128/204
Running dot for graph 129/204
Running dot for graph 130/204
Running dot for graph 131/204
Running dot for graph 132/204
Running dot for graph 133/204
Running dot for graph 134/204
Running dot for graph 135/204
Running dot for graph 136/204
Running dot for graph 137/204
Running dot for graph 138/204
Running dot for graph 139/204
Running dot for graph 140/204
Running dot for graph 141/204
Running dot for graph 142/204
Running dot for graph 143/204
Running dot for graph 144/204
Running dot for graph 145/204
Running dot for graph 146/204
Running dot for graph 147/204
Running dot for graph 148/204
Running dot for graph 149/204
Running dot for graph 150/204
Running dot for graph 151/204
Running dot for graph 152/204
Running dot for graph 153/204
Running dot for graph 154/204
Running dot for graph 155/204
Running dot for graph 156/204
Running dot for graph 157/204
Running dot for graph 158/204
Running dot for graph 159/204
Running dot for graph 160/204
Running dot for graph 161/204
Running dot for graph 162/204
Running dot for graph 163/204
Running dot for graph 164/204
Running dot for graph 165/204
Running dot for graph 166/204
Running dot for graph 167/204
Running dot for graph 168/204
Running dot for graph 169/204
Running dot for graph 170/204
Running dot for graph 171/204
Running dot for graph 172/204
Running dot for graph 173/204
Running dot for graph 174/204
Running dot for graph 175/204
Running dot for graph 176/204
Running dot for graph 177/204
Running dot for graph 178/204
Running dot for graph 179/204
Running dot for graph 180/204
Running dot for graph 181/204
Running dot for graph 182/204
Running dot for graph 183/204
Running dot for graph 184/204
Running dot for graph 185/204
Running dot for graph 186/204
Running dot for graph 187/204
Running dot for graph 188/204
Running dot for graph 189/204
Running dot for graph 190/204
Running dot for graph 191/204
Running dot for graph 192/204
Running dot for graph 193/204
Running dot for graph 194/204
Running dot for graph 195/204
Running dot for graph 196/204
Running dot for graph 197/204
Running dot for graph 198/204
Running dot for graph 199/204
Running dot for graph 200/204
Running dot for graph 201/204
Running dot for graph 202/204
Running dot for graph 203/204
Running dot for graph 204/204
Patching output file 1/25
Patching output file 2/25
Patching output file 3/25
Patching output file 4/25
Patching output file 5/25
Patching output file 6/25
Patching output file 7/25
Patching output file 8/25
Patching output file 9/25
Patching output file 10/25
Patching output file 11/25
Patching output file 12/25
Patching output file 13/25
Patching output file 14/25
Patching output file 15/25
Patching output file 16/25
Patching output file 17/25
Patching output file 18/25
Patching output file 19/25
Patching output file 20/25
Patching output file 21/25
Patching output file 22/25
Patching output file 23/25
Patching output file 24/25
Patching output file 25/25
lookup cache used 326/65536 hits=4266 misses=334
finished...
